<?xml version="1.0" encoding="UTF-8"?>
<testsuite xmlns:xsi="http://www.w3.org/2001/XMLSchema-instance" xsi:noNamespaceSchemaLocation="https://maven.apache.org/surefire/maven-surefire-plugin/xsd/surefire-test-report-3.0.xsd" version="3.0" name="com.example.appareil.AppareilApplicationTests" time="9.747" tests="1" errors="0" skipped="0" failures="0">
  <properties>
[...]
</properties>
  <testcase name="contextLoads" classname="com.example.appareil.AppareilApplicationTests" time="0.97">
    <system-out><![CDATA[11:23:55.725 [main] INFO org.springframework.test.context.support.AnnotationConfigContextLoaderUtils -- Could not detect default configuration classes for test class [com.example.appareil.AppareilApplicationTests]: AppareilApplicationTests does not declare any static, non-private, non-final, nested classes annotated with @Configuration.
11:23:55.977 [main] INFO org.springframework.boot.test.context.SpringBootTestContextBootstrapper -- Found @SpringBootConfiguration com.example.appareil.AppareilApplication for test class com.example.appareil.AppareilApplicationTests

  .   ____          _            __ _ _
 /\\ / ___'_ __ _ _(_)_ __  __ _ \ \ \ \
( ( )\___ | '_ | '_| | '_ \/ _` | \ \ \ \
 \\/  ___)| |_)| | | | | || (_| |  ) ) ) )
  '  |____| .__|_| |_|_| |_\__, | / / / /
 =========|_|==============|___/=/_/_/_/
 :: Spring Boot ::                (v3.1.5)

2023-12-12T11:23:57.243+01:00  INFO 17512 --- [           main] c.e.appareil.AppareilApplicationTests    : Starting AppareilApplicationTests using Java 17.0.9 with PID 17512 (started by Zineb in D:\2ITE\S3\JEE\smarthouse-main\Smart_Home_back)
2023-12-12T11:23:57.247+01:00  INFO 17512 --- [           main] c.e.appareil.AppareilApplicationTests    : No active profile set, falling back to 1 default profile: "default"
2023-12-12T11:23:58.625+01:00  INFO 17512 --- [           main] .s.d.r.c.RepositoryConfigurationDelegate : Bootstrapping Spring Data JPA repositories in DEFAULT mode.
2023-12-12T11:23:58.735+01:00  INFO 17512 --- [           main] .s.d.r.c.RepositoryConfigurationDelegate : Finished Spring Data repository scanning in 92 ms. Found 2 JPA repository interfaces.
2023-12-12T11:23:59.579+01:00  INFO 17512 --- [           main] o.hibernate.jpa.internal.util.LogHelper  : HHH000204: Processing PersistenceUnitInfo [name: default]
2023-12-12T11:23:59.741+01:00  INFO 17512 --- [           main] org.hibernate.Version                    : HHH000412: Hibernate ORM core version 6.2.13.Final
2023-12-12T11:23:59.746+01:00  INFO 17512 --- [           main] org.hibernate.cfg.Environment            : HHH000406: Using bytecode reflection optimizer
2023-12-12T11:24:00.444+01:00  INFO 17512 --- [           main] o.s.o.j.p.SpringPersistenceUnitInfo      : No LoadTimeWeaver setup: ignoring JPA class transformer
2023-12-12T11:24:00.509+01:00  INFO 17512 --- [           main] com.zaxxer.hikari.HikariDataSource       : HikariPool-1 - Starting...
2023-12-12T11:24:00.852+01:00  INFO 17512 --- [           main] com.zaxxer.hikari.pool.HikariPool        : HikariPool-1 - Added connection com.mysql.cj.jdbc.ConnectionImpl@4e4894d
2023-12-12T11:24:00.856+01:00  INFO 17512 --- [           main] com.zaxxer.hikari.HikariDataSource       : HikariPool-1 - Start completed.
2023-12-12T11:24:00.958+01:00  WARN 17512 --- [           main] org.hibernate.dialect.Dialect            : HHH000511: The 5.5.0 version for [org.hibernate.dialect.MySQLDialect] is no longer supported, hence certain features may not work properly. The minimum supported version is 5.7.0. Check the community dialects project for available legacy versions.
2023-12-12T11:24:02.470+01:00  INFO 17512 --- [           main] o.h.e.t.j.p.i.JtaPlatformInitiator       : HHH000489: No JTA platform available (set 'hibernate.transaction.jta.platform' to enable JTA platform integration)
2023-12-12T11:24:02.629+01:00  INFO 17512 --- [           main] j.LocalContainerEntityManagerFactoryBean : Initialized JPA EntityManagerFactory for persistence unit 'default'
2023-12-12T11:24:04.145+01:00  INFO 17512 --- [           main] c.e.appareil.AppareilApplicationTests    : Started AppareilApplicationTests in 7.893 seconds (process running for 10.071)
]]></system-out>
  </testcase>
</testsuite>